<?xml version="1.0" encoding="UTF-8"?>
<!-- Generated by org.testng.reporters.JUnitXMLReporter -->
<testsuite hostname="LAPTOP-2NCT89FI" ignored="0" name="Surefire test" tests="3" failures="0" timestamp="2020-03-23T18:59:32 IST" time="111.962" errors="0">
  <testcase name="apiDemo" time="34.178" classname="practise.AppiumFramework.ApiDemoTest"/>
  <testcase name="apiDemo" time="37.171" classname="practise.AppiumFramework.ApiDemoTest"/>
  <testcase name="apiDemo" time="37.551" classname="practise.AppiumFramework.ApiDemoTest"/>
</testsuite> <!-- Surefire test -->
