<?xml version="1.0" encoding="UTF-8"?>
<!-- Generated by org.testng.reporters.JUnitXMLReporter -->
<testsuite hostname="LAPTOP-2NCT89FI" ignored="0" name="Test" tests="5" failures="0" timestamp="2020-03-23T17:27:31 IST" time="176.723" errors="0">
  <testcase name="apiDemo" time="30.128" classname="practise.AppiumFramework.ApiDemoTest"/>
  <testcase name="apiDemo" time="27.421" classname="practise.AppiumFramework.ApiDemoTest"/>
  <testcase name="apiDemo" time="29.372" classname="practise.AppiumFramework.ApiDemoTest"/>
  <testcase name="totalValidation" time="43.306" classname="practise.AppiumFramework.GS_TC_3"/>
  <testcase name="totalValidation" time="40.121" classname="practise.AppiumFramework.GS_TC_3"/>
</testsuite> <!-- Test -->
