<?xml version="1.0" encoding="UTF-8"?>
<!-- Generated by org.testng.reporters.JUnitXMLReporter -->
<testsuite hostname="LAPTOP-2NCT89FI" ignored="0" name="Test" tests="5" failures="0" timestamp="2020-03-31T14:59:04 IST" time="292.742" errors="0">
  <testcase name="totalValidation" time="114.27" classname="practise.AppiumFramework.GS_TC_3"/>
  <testcase name="totalValidation" time="75.248" classname="practise.AppiumFramework.GS_TC_3"/>
  <testcase name="apiDemo" time="33.984" classname="practise.AppiumFramework.ApiDemoTest"/>
  <testcase name="apiDemo" time="32.654" classname="practise.AppiumFramework.ApiDemoTest"/>
  <testcase name="apiDemo" time="30.366" classname="practise.AppiumFramework.ApiDemoTest"/>
</testsuite> <!-- Test -->
