<?xml version="1.0" encoding="UTF-8"?>
<!-- Generated by org.testng.reporters.JUnitXMLReporter -->
<testsuite hostname="LAPTOP-2NCT89FI" ignored="0" name="Test" tests="5" failures="0" timestamp="2020-03-23T20:27:32 IST" time="226.705" errors="0">
  <testcase name="totalValidation" time="82.916" classname="practise.AppiumFramework.GS_TC_3"/>
  <testcase name="totalValidation" time="42.077" classname="practise.AppiumFramework.GS_TC_3"/>
  <testcase name="apiDemo" time="39.64" classname="practise.AppiumFramework.ApiDemoTest"/>
  <testcase name="apiDemo" time="29.18" classname="practise.AppiumFramework.ApiDemoTest"/>
  <testcase name="apiDemo" time="26.681" classname="practise.AppiumFramework.ApiDemoTest"/>
</testsuite> <!-- Test -->
