<?xml version="1.0" encoding="UTF-8"?>
<testng-results skipped="0" failed="0" ignored="0" total="5" passed="5">
  <reporter-output>
  </reporter-output>
  <suite name="Suite" duration-ms="226705" started-at="2020-03-23T20:23:45 IST" finished-at="2020-03-23T20:27:32 IST">
    <groups>
    </groups>
    <test name="Test" duration-ms="226705" started-at="2020-03-23T20:23:45 IST" finished-at="2020-03-23T20:27:32 IST">
      <class name="practise.AppiumFramework.GS_TC_3">
        <test-method status="PASS" signature="killAllNodes()[pri:0, instance:practise.AppiumFramework.GS_TC_3@27a8c74e]" name="killAllNodes" is-config="true" duration-ms="3004" started-at="2020-03-23T20:23:48 IST" finished-at="2020-03-23T20:23:51 IST">
          <reporter-output>
          </reporter-output>
        </test-method> <!-- killAllNodes -->
        <test-method status="PASS" signature="totalValidation(java.lang.String)[pri:0, instance:practise.AppiumFramework.GS_TC_3@27a8c74e]" name="totalValidation" duration-ms="82916" started-at="2020-03-23T20:23:52 IST" data-provider="InputName" finished-at="2020-03-23T20:25:14 IST">
          <params>
            <param index="0">
              <value>
                <![CDATA[Yuneek]]>
              </value>
            </param>
          </params>
          <reporter-output>
          </reporter-output>
        </test-method> <!-- totalValidation -->
        <test-method status="PASS" signature="totalValidation(java.lang.String)[pri:0, instance:practise.AppiumFramework.GS_TC_3@27a8c74e]" name="totalValidation" duration-ms="42077" started-at="2020-03-23T20:25:14 IST" data-provider="InputName" finished-at="2020-03-23T20:25:57 IST">
          <params>
            <param index="0">
              <value>
                <![CDATA[Achin]]>
              </value>
            </param>
          </params>
          <reporter-output>
          </reporter-output>
        </test-method> <!-- totalValidation -->
      </class> <!-- practise.AppiumFramework.GS_TC_3 -->
      <class name="practise.AppiumFramework.ApiDemoTest">
        <test-method status="PASS" signature="killAllNodes()[pri:0, instance:practise.AppiumFramework.ApiDemoTest@2d8f65a4]" name="killAllNodes" is-config="true" duration-ms="3058" started-at="2020-03-23T20:23:45 IST" finished-at="2020-03-23T20:23:48 IST">
          <reporter-output>
          </reporter-output>
        </test-method> <!-- killAllNodes -->
        <test-method status="PASS" signature="apiDemo(java.lang.String)[pri:0, instance:practise.AppiumFramework.ApiDemoTest@2d8f65a4]" name="apiDemo" duration-ms="39640" started-at="2020-03-23T20:25:57 IST" data-provider="InputData" finished-at="2020-03-23T20:26:36 IST">
          <params>
            <param index="0">
              <value>
                <![CDATA[Yuneek]]>
              </value>
            </param>
          </params>
          <reporter-output>
          </reporter-output>
        </test-method> <!-- apiDemo -->
        <test-method status="PASS" signature="apiDemo(java.lang.String)[pri:0, instance:practise.AppiumFramework.ApiDemoTest@2d8f65a4]" name="apiDemo" duration-ms="29180" started-at="2020-03-23T20:26:36 IST" data-provider="InputData" finished-at="2020-03-23T20:27:05 IST">
          <params>
            <param index="0">
              <value>
                <![CDATA[!@#$$]]>
              </value>
            </param>
          </params>
          <reporter-output>
          </reporter-output>
        </test-method> <!-- apiDemo -->
        <test-method status="PASS" signature="apiDemo(java.lang.String)[pri:0, instance:practise.AppiumFramework.ApiDemoTest@2d8f65a4]" name="apiDemo" duration-ms="26681" started-at="2020-03-23T20:27:05 IST" data-provider="InputData" finished-at="2020-03-23T20:27:32 IST">
          <params>
            <param index="0">
              <value>
                <![CDATA[Yuneek1@3]]>
              </value>
            </param>
          </params>
          <reporter-output>
          </reporter-output>
        </test-method> <!-- apiDemo -->
      </class> <!-- practise.AppiumFramework.ApiDemoTest -->
    </test> <!-- Test -->
  </suite> <!-- Suite -->
</testng-results>
